#
# A fatal error has been detected by the Java Runtime Environment:
#
#  Internal Error (javaClasses.cpp:129), pid=7972, tid=8000
#  fatal error: Invalid layout of preloaded class
#
# JRE version: 7.0_21-b11
# Java VM: Java HotSpot(TM) Client VM (23.21-b01 mixed mode windows-x86 )
# Failed to write core dump. Minidumps are not enabled by default on client versions of Windows
#
# If you would like to submit a bug report, please visit:
#   http://bugreport.sun.com/bugreport/crash.jsp
#

---------------  T H R E A D  ---------------

Current thread (0x0166b000):  JavaThread "Unknown thread" [_thread_in_vm, id=8000, stack(0x01600000,0x01650000)]

Stack: [0x01600000,0x01650000],  sp=0x0164f98c,  free space=318k
Native frames: (J=compiled Java code, j=interpreted, Vv=VM code, C=native code)
V  [jvm.dll+0x170511]
V  [jvm.dll+0x16a6b6]
V  [jvm.dll+0x2082f]
V  [jvm.dll+0x208b6]
V  [jvm.dll+0x2e5dd]
V  [jvm.dll+0x2e889]
V  [jvm.dll+0x77bd1]
V  [jvm.dll+0x77f8b]
V  [jvm.dll+0x12a1b1]
V  [jvm.dll+0x14ac6a]
V  [jvm.dll+0xa9eef]
C  [javaw.exe+0x13ca]
C  [javaw.exe+0x1e3c]
C  [javaw.exe+0xa5b1]
C  [javaw.exe+0xa63b]
C  [kernel32.dll+0x53c45]  BaseThreadInitThunk+0x12
C  [ntdll.dll+0x637f5]  RtlInitializeExceptionChain+0xef
C  [ntdll.dll+0x637c8]  RtlInitializeExceptionChain+0xc2


---------------  P R O C E S S  ---------------

Java Threads: ( => current thread )

Other Threads:

=>0x0166b000 (exited) JavaThread "Unknown thread" [_thread_in_vm, id=8000, stack(0x01600000,0x01650000)]

VM state:not at safepoint (not fully initialized)

VM Mutex/Monitor currently owned by a thread: None

GC Heap History (0 events):
No events

Deoptimization events (0 events):
No events

Internal exceptions (0 events):
No events

Events (10 events):
Event: 0.741 loading class 0x01513ee8 done
Event: 0.742 loading class 0x01513480 done
Event: 0.742 loading class 0x01513458
Event: 0.742 loading class 0x0158d198
Event: 0.759 loading class 0x0158d198 done
Event: 0.759 loading class 0x0158d1d0
Event: 0.759 loading class 0x0158d1d0 done
Event: 0.759 loading class 0x01582008
Event: 0.760 loading class 0x01582008 done
Event: 0.760 loading class 0x01513458 done


Dynamic libraries:
0x01190000 - 0x011bf000 	C:\Program Files (x86)\Java\jre7\bin\javaw.exe
0x77300000 - 0x7743c000 	C:\Windows\SYSTEM32\ntdll.dll
0x757b0000 - 0x75884000 	C:\Windows\system32\kernel32.dll
0x75580000 - 0x755ca000 	C:\Windows\system32\KERNELBASE.dll
0x75890000 - 0x75930000 	C:\Windows\system32\ADVAPI32.dll
0x77480000 - 0x7752c000 	C:\Windows\system32\msvcrt.dll
0x75ab0000 - 0x75ac9000 	C:\Windows\SYSTEM32\sechost.dll
0x76c00000 - 0x76ca1000 	C:\Windows\system32\RPCRT4.dll
0x75950000 - 0x75a19000 	C:\Windows\system32\USER32.dll
0x77110000 - 0x7715e000 	C:\Windows\system32\GDI32.dll
0x77440000 - 0x7744a000 	C:\Windows\system32\LPK.dll
0x75f10000 - 0x75fad000 	C:\Windows\system32\USP10.dll
0x74310000 - 0x744ae000 	C:\Windows\WinSxS\x86_microsoft.windows.common-controls_6595b64144ccf1df_6.0.7601.17514_none_41e6975e2bd6f2b2\COMCTL32.dll
0x75750000 - 0x757a7000 	C:\Windows\system32\SHLWAPI.dll
0x75ae0000 - 0x75aff000 	C:\Windows\system32\IMM32.DLL
0x75c40000 - 0x75d0c000 	C:\Windows\system32\MSCTF.dll
0x77dc0000 - 0x77e7e000 	C:\Program Files (x86)\Java\jre7\bin\msvcr100.dll
0x55050000 - 0x5539f000 	C:\Program Files (x86)\Java\jre7\bin\client\jvm.dll
0x70ed0000 - 0x70ed7000 	C:\Windows\system32\WSOCK32.dll
0x75d10000 - 0x75d45000 	C:\Windows\system32\WS2_32.dll
0x75ad0000 - 0x75ad6000 	C:\Windows\system32\NSI.dll
0x73df0000 - 0x73e22000 	C:\Windows\system32\WINMM.dll
0x75930000 - 0x75935000 	C:\Windows\system32\PSAPI.DLL
0x55040000 - 0x5504c000 	C:\Program Files (x86)\Java\jre7\bin\verify.dll
0x55020000 - 0x55040000 	C:\Program Files (x86)\Java\jre7\bin\java.dll
0x55000000 - 0x55013000 	C:\Program Files (x86)\Java\jre7\bin\zip.dll
0x6dbb0000 - 0x6dc9b000 	C:\Windows\system32\dbghelp.dll

VM Arguments:
jvm_args: -Dfile.encoding=Cp1252 -Xbootclasspath:D:\adt-bundle-windows-x86-20131030\adt-bundle-windows-x86-20131030\sdk\platforms\android-19\android.jar 
java_command: com.svaad.utils.TextUtil
Launcher Type: SUN_STANDARD

Environment Variables:
PATH=C:/Program Files (x86)/Java/jre7/bin/client;C:/Program Files (x86)/Java/jre7/bin;C:/Program Files (x86)/Java/jre7/lib/i386;C:\Windows\system32;C:\Windows;C:\Windows\System32\Wbem;C:\Windows\System32\WindowsPowerShell\v1.0\;C:\Program Files\Intel\OpenCL SDK\2.0\bin\x86;C:\Program Files (x86)\Java\jre7\bin;D:\adt-bundle-windows-x86-20131030\adt-bundle-windows-x86-20131030\eclipse;
USERNAME=shravya
OS=Windows_NT
PROCESSOR_IDENTIFIER=x86 Family 6 Model 42 Stepping 7, GenuineIntel



---------------  S Y S T E M  ---------------

OS: Windows 7 Build 7601 Service Pack 1

CPU:total 4 (2 cores per cpu, 2 threads per core) family 6 model 42 stepping 7, cmov, cx8, fxsr, mmx, sse, sse2, sse3, ssse3, sse4.1, sse4.2, popcnt, avx, ht, tsc, tscinvbit

Memory: 4k page, physical 3578136k(387708k free), swap 7154516k(2472824k free)

vm_info: Java HotSpot(TM) Client VM (23.21-b01) for windows-x86 JRE (1.7.0_21-b11), built on Apr  4 2013 04:43:10 by "java_re" with unknown MS VC++:1600

time: Mon Apr 21 15:11:21 2014
elapsed time: 1 seconds

